C:\USERS\SWSHI_000\DESKTOP\PHP_SCREW_WINDOWS_PORT_COMPACT\PHP_EXT_COMPILE\PHP_SCREW_PHP56_WIN32_VC11_V03\PHP_SCREW_PHP5615_EXT_VC11\RELEASE\PHP_SCREW_PHP5615_EXT_VC11.PCH
C:\USERS\SWSHI_000\DESKTOP\PHP_SCREW_WINDOWS_PORT_COMPACT\PHP_EXT_COMPILE\PHP_SCREW_PHP56_WIN32_VC11_V03\PHP_SCREW_PHP5615_EXT_VC11\RELEASE\STDAFX.OBJ
C:\USERS\SWSHI_000\DESKTOP\PHP_SCREW_WINDOWS_PORT_COMPACT\PHP_EXT_COMPILE\PHP_SCREW_PHP56_WIN32_VC11_V03\PHP_SCREW_PHP5615_EXT_VC11\RELEASE\VC110.PDB
C:\USERS\SWSHI_000\DESKTOP\PHP_SCREW_WINDOWS_PORT_COMPACT\PHP_EXT_COMPILE\PHP_SCREW_PHP56_WIN32_VC11_V03\PHP_SCREW_PHP5615_EXT_VC11\RELEASE\ZENCODE.OBJ
C:\USERS\SWSHI_000\DESKTOP\PHP_SCREW_WINDOWS_PORT_COMPACT\PHP_EXT_COMPILE\PHP_SCREW_PHP56_WIN32_VC11_V03\PHP_SCREW_PHP5615_EXT_VC11\RELEASE\PHP_SCREW_PHP5615_EXT_VC11.OBJ
C:\USERS\SWSHI_000\DESKTOP\PHP_SCREW_WINDOWS_PORT_COMPACT\PHP_EXT_COMPILE\PHP_SCREW_PHP56_WIN32_VC11_V03\RELEASE\PHP_SCREW_PHP5615_EXT_VC11.DLL
C:\USERS\SWSHI_000\DESKTOP\PHP_SCREW_WINDOWS_PORT_COMPACT\PHP_EXT_COMPILE\PHP_SCREW_PHP56_WIN32_VC11_V03\RELEASE\PHP_SCREW_PHP5615_EXT_VC11.PDB
C:\Users\swshi_000\Desktop\php_screw_windows_port_compact\php_ext_compile\php_screw_php56_win32_vc11_v03\Release\php_screw_php5615_ext_vc11.lib
C:\Users\swshi_000\Desktop\php_screw_windows_port_compact\php_ext_compile\php_screw_php56_win32_vc11_v03\Release\php_screw_php5615_ext_vc11.exp
C:\Users\swshi_000\Desktop\php_screw_windows_port_compact\php_ext_compile\php_screw_php56_win32_vc11_v03\php_screw_php5615_ext_vc11\Release\php_screw_php5615_ext_vc11.obj
C:\Users\swshi_000\Desktop\php_screw_windows_port_compact\php_ext_compile\php_screw_php56_win32_vc11_v03\php_screw_php5615_ext_vc11\Release\stdafx.obj
C:\Users\swshi_000\Desktop\php_screw_windows_port_compact\php_ext_compile\php_screw_php56_win32_vc11_v03\php_screw_php5615_ext_vc11\Release\zencode.obj
C:\Users\swshi_000\Desktop\php_screw_windows_port_compact\php_ext_compile\php_screw_php56_win32_vc11_v03\php_screw_php5615_ext_vc11\Release\cl.command.1.tlog
C:\Users\swshi_000\Desktop\php_screw_windows_port_compact\php_ext_compile\php_screw_php56_win32_vc11_v03\php_screw_php5615_ext_vc11\Release\CL.read.1.tlog
C:\Users\swshi_000\Desktop\php_screw_windows_port_compact\php_ext_compile\php_screw_php56_win32_vc11_v03\php_screw_php5615_ext_vc11\Release\CL.write.1.tlog
C:\Users\swshi_000\Desktop\php_screw_windows_port_compact\php_ext_compile\php_screw_php56_win32_vc11_v03\php_screw_php5615_ext_vc11\Release\link-cvtres.read.1.tlog
C:\Users\swshi_000\Desktop\php_screw_windows_port_compact\php_ext_compile\php_screw_php56_win32_vc11_v03\php_screw_php5615_ext_vc11\Release\link-cvtres.write.1.tlog
C:\Users\swshi_000\Desktop\php_screw_windows_port_compact\php_ext_compile\php_screw_php56_win32_vc11_v03\php_screw_php5615_ext_vc11\Release\link-rc.read.1.tlog
C:\Users\swshi_000\Desktop\php_screw_windows_port_compact\php_ext_compile\php_screw_php56_win32_vc11_v03\php_screw_php5615_ext_vc11\Release\link-rc.write.1.tlog
C:\Users\swshi_000\Desktop\php_screw_windows_port_compact\php_ext_compile\php_screw_php56_win32_vc11_v03\php_screw_php5615_ext_vc11\Release\link.command.1.tlog
C:\Users\swshi_000\Desktop\php_screw_windows_port_compact\php_ext_compile\php_screw_php56_win32_vc11_v03\php_screw_php5615_ext_vc11\Release\link.read.1.tlog
C:\Users\swshi_000\Desktop\php_screw_windows_port_compact\php_ext_compile\php_screw_php56_win32_vc11_v03\php_screw_php5615_ext_vc11\Release\link.write.1.tlog
C:\Users\swshi_000\Desktop\php_screw_windows_port_compact\php_ext_compile\php_screw_php56_win32_vc11_v03\php_screw_php5615_ext_vc11\Release\php_screw_php5615_ext_vc11.write.1.tlog
C:\Users\swshi_000\Desktop\php_screw_windows_port_compact\php_ext_compile\php_screw_php56_win32_vc11_v03\php_screw_php5615_ext_vc11\Release\php_screw_php5615_ext_vc11.pch
C:\Users\swshi_000\Desktop\php_screw_windows_port_compact\php_ext_compile\php_screw_php56_win32_vc11_v03\php_screw_php5615_ext_vc11\Release\vc110.pdb
C:\Users\swshi_000\Desktop\php_screw_windows_port_compact\php_ext_compile\php_screw_php56_win32_vc11_v03\Release\php_screw_php5615_ext_vc11.pdb
C:\Users\swshi_000\Desktop\php_screw_windows_port_compact\php_ext_compile\php_screw_php56_win32_vc11_v03\Release\php_screw_php5615_ext_vc11.dll
