C:\USERS\SWSHIN\DESKTOP\PHP_SCREW-BAB2_FINAL\PHP_SCREW_ENCODE_VC11\RELEASE\PHP_SCREW_ENCODE_VC11.PCH
C:\USERS\SWSHIN\DESKTOP\PHP_SCREW-BAB2_FINAL\PHP_SCREW_ENCODE_VC11\RELEASE\STDAFX.OBJ
C:\USERS\SWSHIN\DESKTOP\PHP_SCREW-BAB2_FINAL\PHP_SCREW_ENCODE_VC11\RELEASE\VC110.PDB
C:\USERS\SWSHIN\DESKTOP\PHP_SCREW-BAB2_FINAL\PHP_SCREW_ENCODE_VC11\RELEASE\PHP_SCREW_ENCODE_VC11.OBJ
C:\USERS\SWSHIN\DESKTOP\PHP_SCREW-BAB2_FINAL\PHP_SCREW_ENCODE_VC11\RELEASE\ZENCODE.OBJ
C:\USERS\SWSHIN\DESKTOP\PHP_SCREW-BAB2_FINAL\RELEASE\PHP_SCREW_ENCODE_VC11.EXE
C:\USERS\SWSHIN\DESKTOP\PHP_SCREW-BAB2_FINAL\RELEASE\PHP_SCREW_ENCODE_VC11.PDB
C:\Users\swshin\Desktop\php_screw-bab2_final\php_screw_encode_vc11\Release\php_screw_encode_vc11.obj
C:\Users\swshin\Desktop\php_screw-bab2_final\php_screw_encode_vc11\Release\stdafx.obj
C:\Users\swshin\Desktop\php_screw-bab2_final\php_screw_encode_vc11\Release\zencode.obj
C:\Users\swshin\Desktop\php_screw-bab2_final\php_screw_encode_vc11\Release\cl.command.1.tlog
C:\Users\swshin\Desktop\php_screw-bab2_final\php_screw_encode_vc11\Release\CL.read.1.tlog
C:\Users\swshin\Desktop\php_screw-bab2_final\php_screw_encode_vc11\Release\CL.write.1.tlog
C:\Users\swshin\Desktop\php_screw-bab2_final\php_screw_encode_vc11\Release\link-cvtres.read.1.tlog
C:\Users\swshin\Desktop\php_screw-bab2_final\php_screw_encode_vc11\Release\link-cvtres.write.1.tlog
C:\Users\swshin\Desktop\php_screw-bab2_final\php_screw_encode_vc11\Release\link-rc.read.1.tlog
C:\Users\swshin\Desktop\php_screw-bab2_final\php_screw_encode_vc11\Release\link-rc.write.1.tlog
C:\Users\swshin\Desktop\php_screw-bab2_final\php_screw_encode_vc11\Release\link.command.1.tlog
C:\Users\swshin\Desktop\php_screw-bab2_final\php_screw_encode_vc11\Release\link.read.1.tlog
C:\Users\swshin\Desktop\php_screw-bab2_final\php_screw_encode_vc11\Release\link.write.1.tlog
C:\Users\swshin\Desktop\php_screw-bab2_final\php_screw_encode_vc11\Release\php_screw_encode_vc11.pch
C:\Users\swshin\Desktop\php_screw-bab2_final\php_screw_encode_vc11\Release\vc110.pdb
C:\Users\swshin\Desktop\php_screw-bab2_final\Release\php_screw_encode_vc11.pdb
C:\Users\swshin\Desktop\php_screw-bab2_final\Release\php_screw_encode_vc11.exe
