C:\USERS\SWSHIN\DESKTOP\PHP_SCREW-BAB2_FINAL\PHP_SCREW_PHP5615_EXT_VC11\DEBUG\PHP_SCREW_PHP_EXT_VC11.PCH
C:\USERS\SWSHIN\DESKTOP\PHP_SCREW-BAB2_FINAL\PHP_SCREW_PHP5615_EXT_VC11\DEBUG\STDAFX.OBJ
C:\USERS\SWSHIN\DESKTOP\PHP_SCREW-BAB2_FINAL\PHP_SCREW_PHP5615_EXT_VC11\DEBUG\VC110.PDB
C:\USERS\SWSHIN\DESKTOP\PHP_SCREW-BAB2_FINAL\PHP_SCREW_PHP5615_EXT_VC11\DEBUG\PHP_SCREW_PHP_EXT_VC11.OBJ
C:\USERS\SWSHIN\DESKTOP\PHP_SCREW-BAB2_FINAL\PHP_SCREW_PHP5615_EXT_VC11\DEBUG\ZENCODE.OBJ
C:\USERS\SWSHIN\DESKTOP\PHP_SCREW-BAB2_FINAL\DEBUG\PHP_SCREW_PHP_EXT_VC11.ILK
C:\USERS\SWSHIN\DESKTOP\PHP_SCREW-BAB2_FINAL\DEBUG\PHP_SCREW_PHP_EXT_VC11.DLL
C:\USERS\SWSHIN\DESKTOP\PHP_SCREW-BAB2_FINAL\DEBUG\PHP_SCREW_PHP_EXT_VC11.PDB
C:\Users\swshin\Desktop\php_screw-bab2_final\Debug\php_screw_php_ext_vc11.lib
C:\Users\swshin\Desktop\php_screw-bab2_final\Debug\php_screw_php_ext_vc11.exp
C:\Users\swshin\Desktop\php_screw-bab2_final\php_screw_php5615_ext_vc11\Debug\php_screw_php_ext_vc11.obj
C:\Users\swshin\Desktop\php_screw-bab2_final\php_screw_php5615_ext_vc11\Debug\stdafx.obj
C:\Users\swshin\Desktop\php_screw-bab2_final\php_screw_php5615_ext_vc11\Debug\zencode.obj
C:\Users\swshin\Desktop\php_screw-bab2_final\php_screw_php5615_ext_vc11\Debug\cl.command.1.tlog
C:\Users\swshin\Desktop\php_screw-bab2_final\php_screw_php5615_ext_vc11\Debug\CL.read.1.tlog
C:\Users\swshin\Desktop\php_screw-bab2_final\php_screw_php5615_ext_vc11\Debug\CL.write.1.tlog
C:\Users\swshin\Desktop\php_screw-bab2_final\php_screw_php5615_ext_vc11\Debug\link-cvtres.read.1.tlog
C:\Users\swshin\Desktop\php_screw-bab2_final\php_screw_php5615_ext_vc11\Debug\link-cvtres.write.1.tlog
C:\Users\swshin\Desktop\php_screw-bab2_final\php_screw_php5615_ext_vc11\Debug\link-rc.read.1.tlog
C:\Users\swshin\Desktop\php_screw-bab2_final\php_screw_php5615_ext_vc11\Debug\link-rc.write.1.tlog
C:\Users\swshin\Desktop\php_screw-bab2_final\php_screw_php5615_ext_vc11\Debug\link.command.1.tlog
C:\Users\swshin\Desktop\php_screw-bab2_final\php_screw_php5615_ext_vc11\Debug\link.read.1.tlog
C:\Users\swshin\Desktop\php_screw-bab2_final\php_screw_php5615_ext_vc11\Debug\link.write.1.tlog
C:\Users\swshin\Desktop\php_screw-bab2_final\php_screw_php5615_ext_vc11\Debug\php_screw_php_ext_vc11.write.1.tlog
C:\Users\swshin\Desktop\php_screw-bab2_final\php_screw_php5615_ext_vc11\Debug\php_screw_php_ext_vc11.pch
C:\Users\swshin\Desktop\php_screw-bab2_final\php_screw_php5615_ext_vc11\Debug\vc110.idb
C:\Users\swshin\Desktop\php_screw-bab2_final\php_screw_php5615_ext_vc11\Debug\vc110.pdb
C:\Users\swshin\Desktop\php_screw-bab2_final\Debug\php_screw_php_ext_vc11.pdb
C:\Users\swshin\Desktop\php_screw-bab2_final\Debug\php_screw_php_ext_vc11.dll
C:\Users\swshin\Desktop\php_screw-bab2_final\Debug\php_screw_php_ext_vc11.ilk
