C:\USERS\SWSHI_000\DESKTOP\PHP_SCREW_WINDOWS_PORT_COMPACT\PHP_EXT_COMPILE\PHP_SCREW_PHP56_WIN32_VC11_V03\PHP_SCREW_PHP56_WIN32_VC11\DEBUG\PHP_SCREW_PHP56_WIN32_VC11.PCH
C:\USERS\SWSHI_000\DESKTOP\PHP_SCREW_WINDOWS_PORT_COMPACT\PHP_EXT_COMPILE\PHP_SCREW_PHP56_WIN32_VC11_V03\PHP_SCREW_PHP56_WIN32_VC11\DEBUG\STDAFX.OBJ
C:\USERS\SWSHI_000\DESKTOP\PHP_SCREW_WINDOWS_PORT_COMPACT\PHP_EXT_COMPILE\PHP_SCREW_PHP56_WIN32_VC11_V03\PHP_SCREW_PHP56_WIN32_VC11\DEBUG\VC110.PDB
C:\USERS\SWSHI_000\DESKTOP\PHP_SCREW_WINDOWS_PORT_COMPACT\PHP_EXT_COMPILE\PHP_SCREW_PHP56_WIN32_VC11_V03\PHP_SCREW_PHP56_WIN32_VC11\DEBUG\PHP_SCREW_PHP56_WIN32_VC11.OBJ
C:\USERS\SWSHI_000\DESKTOP\PHP_SCREW_WINDOWS_PORT_COMPACT\PHP_EXT_COMPILE\PHP_SCREW_PHP56_WIN32_VC11_V03\PHP_SCREW_PHP56_WIN32_VC11\DEBUG\ZENCODE.OBJ
C:\USERS\SWSHI_000\DESKTOP\PHP_SCREW_WINDOWS_PORT_COMPACT\PHP_EXT_COMPILE\PHP_SCREW_PHP56_WIN32_VC11_V03\DEBUG\PHP_SCREW_PHP56_WIN32_VC11.ILK
C:\USERS\SWSHI_000\DESKTOP\PHP_SCREW_WINDOWS_PORT_COMPACT\PHP_EXT_COMPILE\PHP_SCREW_PHP56_WIN32_VC11_V03\DEBUG\PHP_SCREW_PHP56_WIN32_VC11.DLL
C:\USERS\SWSHI_000\DESKTOP\PHP_SCREW_WINDOWS_PORT_COMPACT\PHP_EXT_COMPILE\PHP_SCREW_PHP56_WIN32_VC11_V03\DEBUG\PHP_SCREW_PHP56_WIN32_VC11.PDB
C:\Users\swshi_000\Desktop\php_screw_windows_port_compact\php_ext_compile\php_screw_php56_win32_vc11_v03\Debug\php_screw_php56_win32_vc11.lib
C:\Users\swshi_000\Desktop\php_screw_windows_port_compact\php_ext_compile\php_screw_php56_win32_vc11_v03\Debug\php_screw_php56_win32_vc11.exp
C:\Users\swshi_000\Desktop\php_screw_windows_port_compact\php_ext_compile\php_screw_php56_win32_vc11_v03\php_screw_php5615_ext_vc11\Debug\php_screw_php56_win32_vc11.obj
C:\Users\swshi_000\Desktop\php_screw_windows_port_compact\php_ext_compile\php_screw_php56_win32_vc11_v03\php_screw_php5615_ext_vc11\Debug\stdafx.obj
C:\Users\swshi_000\Desktop\php_screw_windows_port_compact\php_ext_compile\php_screw_php56_win32_vc11_v03\php_screw_php5615_ext_vc11\Debug\zencode.obj
C:\Users\swshi_000\Desktop\php_screw_windows_port_compact\php_ext_compile\php_screw_php56_win32_vc11_v03\php_screw_php5615_ext_vc11\Debug\cl.command.1.tlog
C:\Users\swshi_000\Desktop\php_screw_windows_port_compact\php_ext_compile\php_screw_php56_win32_vc11_v03\php_screw_php5615_ext_vc11\Debug\CL.read.1.tlog
C:\Users\swshi_000\Desktop\php_screw_windows_port_compact\php_ext_compile\php_screw_php56_win32_vc11_v03\php_screw_php5615_ext_vc11\Debug\CL.write.1.tlog
C:\Users\swshi_000\Desktop\php_screw_windows_port_compact\php_ext_compile\php_screw_php56_win32_vc11_v03\php_screw_php5615_ext_vc11\Debug\link-cvtres.read.1.tlog
C:\Users\swshi_000\Desktop\php_screw_windows_port_compact\php_ext_compile\php_screw_php56_win32_vc11_v03\php_screw_php5615_ext_vc11\Debug\link-cvtres.write.1.tlog
C:\Users\swshi_000\Desktop\php_screw_windows_port_compact\php_ext_compile\php_screw_php56_win32_vc11_v03\php_screw_php5615_ext_vc11\Debug\link-rc.read.1.tlog
C:\Users\swshi_000\Desktop\php_screw_windows_port_compact\php_ext_compile\php_screw_php56_win32_vc11_v03\php_screw_php5615_ext_vc11\Debug\link-rc.write.1.tlog
C:\Users\swshi_000\Desktop\php_screw_windows_port_compact\php_ext_compile\php_screw_php56_win32_vc11_v03\php_screw_php5615_ext_vc11\Debug\link.command.1.tlog
C:\Users\swshi_000\Desktop\php_screw_windows_port_compact\php_ext_compile\php_screw_php56_win32_vc11_v03\php_screw_php5615_ext_vc11\Debug\link.read.1.tlog
C:\Users\swshi_000\Desktop\php_screw_windows_port_compact\php_ext_compile\php_screw_php56_win32_vc11_v03\php_screw_php5615_ext_vc11\Debug\link.write.1.tlog
C:\Users\swshi_000\Desktop\php_screw_windows_port_compact\php_ext_compile\php_screw_php56_win32_vc11_v03\php_screw_php5615_ext_vc11\Debug\php_screw_php56_win32_vc11.write.1.tlog
C:\Users\swshi_000\Desktop\php_screw_windows_port_compact\php_ext_compile\php_screw_php56_win32_vc11_v03\php_screw_php5615_ext_vc11\Debug\php_screw_php56_win32_vc11.pch
C:\Users\swshi_000\Desktop\php_screw_windows_port_compact\php_ext_compile\php_screw_php56_win32_vc11_v03\php_screw_php5615_ext_vc11\Debug\vc110.idb
C:\Users\swshi_000\Desktop\php_screw_windows_port_compact\php_ext_compile\php_screw_php56_win32_vc11_v03\php_screw_php5615_ext_vc11\Debug\vc110.pdb
